2022-09-21 10:53:47 INFO  Log:11 - =====================================login test is started TEST START=========================================
2022-09-21 10:53:47 INFO  Log:22 - User is going to click on SignIn Option
2022-09-21 10:53:57 INFO  Log:22 - Enter username and password
2022-09-21 10:54:07 INFO  Log:22 - Verify that if user is able to login
2022-09-21 10:54:07 INFO  Log:22 - login is success
2022-09-21 10:54:07 INFO  Log:15 - =====================================End Login Test TEST END=========================================
2022-09-21 10:56:09 INFO  Log:11 - =====================================Login TEST START=========================================
2022-09-21 10:56:09 INFO  Log:22 - User is going to click on SignIn Option
2022-09-21 10:56:17 INFO  Log:22 - Enter username and password
2022-09-21 10:56:25 INFO  Log:22 - Verify that if user is able to login
2022-09-21 10:56:25 INFO  Log:22 - login is success
2022-09-21 10:56:25 INFO  Log:15 - =====================================Login TEST END=========================================
2022-09-21 11:26:05 INFO  Log:11 - =====================================Login TEST START=========================================
2022-09-21 11:26:05 INFO  Log:22 - User is going to click on SignIn Option
2022-09-21 11:26:09 INFO  Log:22 - Enter username and password
2022-09-21 11:26:17 INFO  Log:22 - Verify that if user is able to login
2022-09-21 11:26:17 INFO  Log:22 - login is success
2022-09-21 11:26:17 INFO  Log:15 - =====================================Login TEST END=========================================
2022-09-21 11:28:08 INFO  Log:11 - =====================================Login TEST START=========================================
2022-09-21 11:28:08 INFO  Log:22 - User is going to click on SignIn Option
2022-09-21 11:28:13 INFO  Log:22 - Enter username and password
2022-09-21 11:28:20 INFO  Log:22 - Verify that if user is able to login
2022-09-21 11:28:20 INFO  Log:22 - login is success
2022-09-21 11:28:20 INFO  Log:15 - =====================================Login TEST END=========================================
2022-09-21 11:30:52 INFO  Log:11 - =====================================Login TEST START=========================================
2022-09-21 11:30:52 INFO  Log:22 - User is going to click on SignIn Option
2022-09-21 11:31:25 INFO  Log:11 - =====================================Login TEST START=========================================
2022-09-21 11:31:25 INFO  Log:22 - User is going to click on SignIn Option
2022-09-21 11:31:32 INFO  Log:22 - Enter username and password
2022-09-21 11:31:39 INFO  Log:22 - Verify that if user is able to login
2022-09-21 11:31:39 INFO  Log:22 - login is success
2022-09-21 11:31:39 INFO  Log:15 - =====================================Login TEST END=========================================
2022-09-21 11:31:58 INFO  Log:11 - =====================================Login TEST START=========================================
2022-09-21 11:31:58 INFO  Log:22 - User is going to click on SignIn Option
2022-09-21 11:32:07 INFO  Log:22 - Enter username and password
2022-09-21 11:32:10 INFO  Log:22 - Verify that if user is able to login
2022-09-21 11:44:34 INFO  Log:11 - =====================================Login TEST START=========================================
2022-09-21 11:44:34 INFO  Log:22 - User is going to click on SignIn Option
2022-09-21 11:44:38 INFO  Log:22 - Enter username and password
2022-09-21 11:44:43 INFO  Log:22 - Verify that if user is able to login
2022-09-21 11:44:43 INFO  Log:22 - login is success
2022-09-21 11:44:43 INFO  Log:15 - =====================================Login TEST END=========================================
2022-09-21 11:45:04 INFO  Log:11 - =====================================Login TEST START=========================================
2022-09-21 11:45:04 INFO  Log:22 - User is going to click on SignIn Option
2022-09-21 11:45:14 INFO  Log:22 - Enter username and password
2022-09-21 11:45:17 INFO  Log:22 - Verify that if user is able to login
2022-09-21 14:21:56 INFO  Log:11 - =====================================Login TEST START=========================================
2022-09-21 14:21:56 INFO  Log:22 - User is going to click on SignIn Option
2022-09-21 14:22:08 INFO  Log:22 - Enter username and password
2022-09-21 14:22:15 INFO  Log:22 - Verify that if user is able to login
2022-09-21 14:22:15 INFO  Log:22 - login is success
2022-09-21 14:22:15 INFO  Log:15 - =====================================Login TEST END=========================================
2022-09-21 15:05:41 INFO  Log:11 - =====================================Login TEST START=========================================
2022-09-21 15:05:41 INFO  Log:22 - User is going to click on SignIn Option
2022-09-21 15:05:48 INFO  Log:22 - Enter username and password
2022-09-21 15:05:55 INFO  Log:22 - Verify that if user is able to login
2022-09-21 15:05:55 INFO  Log:22 - login is success
2022-09-21 15:05:55 INFO  Log:15 - =====================================Login TEST END=========================================
2022-09-21 15:12:42 INFO  Log:11 - =====================================Login TEST START=========================================
2022-09-21 15:12:42 INFO  Log:22 - User is going to click on SignIn Option
2022-09-21 15:13:20 INFO  Log:11 - =====================================Login TEST START=========================================
2022-09-21 15:13:20 INFO  Log:22 - User is going to click on SignIn Option
2022-09-21 15:13:28 INFO  Log:22 - Enter username and password
2022-09-21 15:13:49 INFO  Log:22 - Verify that if user is able to login
2022-09-21 15:13:49 INFO  Log:22 - login is success
2022-09-21 15:13:49 INFO  Log:15 - =====================================Login TEST END=========================================
2022-09-21 15:47:15 INFO  Log:11 - =====================================Login TEST START=========================================
2022-09-21 15:47:15 INFO  Log:22 - User is going to click on SignIn Option
2022-09-21 15:47:30 INFO  Log:22 - Enter username and password
2022-09-21 15:47:45 INFO  Log:22 - Verify that if user is able to login
2022-09-21 15:47:45 INFO  Log:22 - login is success
2022-09-21 15:47:45 INFO  Log:15 - =====================================Login TEST END=========================================
2022-09-21 16:28:37 INFO  Log:11 - =====================================verifyTotalPrice TEST START=========================================
2022-09-21 16:49:34 INFO  Log:11 - =====================================verifyTotalPrice TEST START=========================================
2022-09-21 17:25:55 INFO  Log:11 - =====================================endToEndTest TEST START=========================================
2022-09-21 17:30:58 INFO  Log:11 - =====================================endToEndTest TEST START=========================================
2022-09-21 17:32:46 INFO  Log:15 - =====================================endToEndTest TEST END=========================================
2022-09-21 17:32:52 INFO  Log:11 - =====================================verifyCreateAccountPageTest TEST START=========================================
2022-09-21 17:34:16 INFO  Log:11 - =====================================verifyLogo TEST START=========================================
2022-09-21 17:34:33 INFO  Log:15 - =====================================verifyLogo TEST END=========================================
2022-09-21 17:35:04 INFO  Log:11 - =====================================verifyTitle TEST START=========================================
2022-09-21 17:35:04 INFO  Log:15 - =====================================verifyTitle TEST END=========================================
2022-09-21 17:35:34 INFO  Log:11 - =====================================Login TEST START=========================================
2022-09-21 17:35:34 INFO  Log:22 - User is going to click on SignIn Option
2022-09-21 17:35:53 INFO  Log:22 - Enter username and password
2022-09-21 17:36:17 INFO  Log:22 - Verify that if user is able to login
2022-09-21 17:36:17 INFO  Log:22 - login is success
2022-09-21 17:36:17 INFO  Log:15 - =====================================Login TEST END=========================================
2022-09-21 17:36:47 INFO  Log:11 - =====================================verifyTotalPrice TEST START=========================================
2022-09-21 17:38:08 INFO  Log:11 - =====================================addToCartTest TEST START=========================================
2022-09-21 17:46:31 INFO  Log:11 - =====================================addToCartTest TEST START=========================================
2022-09-21 17:46:43 INFO  Log:15 - =====================================addToCartTest TEST END=========================================
2022-09-21 17:48:47 INFO  Log:11 - =====================================endToEndTest TEST START=========================================
2022-09-21 17:49:51 INFO  Log:15 - =====================================endToEndTest TEST END=========================================
2022-09-21 17:50:03 INFO  Log:11 - =====================================verifyCreateAccountPageTest TEST START=========================================
2022-09-21 17:51:16 INFO  Log:11 - =====================================verifyLogo TEST START=========================================
2022-09-21 17:51:20 INFO  Log:15 - =====================================verifyLogo TEST END=========================================
2022-09-21 17:51:33 INFO  Log:11 - =====================================verifyTitle TEST START=========================================
2022-09-21 17:51:33 INFO  Log:15 - =====================================verifyTitle TEST END=========================================
2022-09-21 17:51:45 INFO  Log:11 - =====================================Login TEST START=========================================
2022-09-21 17:51:45 INFO  Log:22 - User is going to click on SignIn Option
2022-09-21 17:51:55 INFO  Log:22 - Enter username and password
2022-09-21 17:52:02 INFO  Log:22 - Verify that if user is able to login
2022-09-21 17:52:02 INFO  Log:22 - login is success
2022-09-21 17:52:02 INFO  Log:15 - =====================================Login TEST END=========================================
2022-09-21 17:52:14 INFO  Log:11 - =====================================verifyTotalPrice TEST START=========================================
2022-09-21 17:52:35 INFO  Log:15 - =====================================verifyTotalPrice TEST END=========================================
2022-09-21 17:52:53 INFO  Log:11 - =====================================addToCartTest TEST START=========================================
2022-09-21 17:53:03 INFO  Log:15 - =====================================addToCartTest TEST END=========================================
2022-09-21 17:56:24 INFO  Log:11 - =====================================endToEndTest TEST START=========================================
2022-09-21 17:57:27 INFO  Log:11 - =====================================endToEndTest TEST START=========================================
2022-09-21 17:59:12 INFO  Log:15 - =====================================endToEndTest TEST END=========================================
2022-09-21 17:59:30 INFO  Log:11 - =====================================verifyCreateAccountPageTest TEST START=========================================
2022-09-21 17:59:41 INFO  Log:15 - =====================================verifyCreateAccountPageTest TEST END=========================================
2022-09-21 17:59:54 INFO  Log:11 - =====================================verifyLogo TEST START=========================================
2022-09-21 17:59:58 INFO  Log:15 - =====================================verifyLogo TEST END=========================================
2022-09-21 18:00:17 INFO  Log:11 - =====================================verifyTitle TEST START=========================================
2022-09-21 18:00:17 INFO  Log:15 - =====================================verifyTitle TEST END=========================================
2022-09-21 18:00:33 INFO  Log:11 - =====================================Login TEST START=========================================
2022-09-21 18:00:33 INFO  Log:22 - User is going to click on SignIn Option
2022-09-21 18:00:38 INFO  Log:22 - Enter username and password
2022-09-21 18:00:50 INFO  Log:22 - Verify that if user is able to login
2022-09-21 18:00:50 INFO  Log:22 - login is success
2022-09-21 18:00:50 INFO  Log:15 - =====================================Login TEST END=========================================
2022-09-21 18:01:07 INFO  Log:11 - =====================================verifyTotalPrice TEST START=========================================
2022-09-21 18:01:25 INFO  Log:15 - =====================================verifyTotalPrice TEST END=========================================
2022-09-21 18:01:37 INFO  Log:11 - =====================================addToCartTest TEST START=========================================
2022-09-21 18:01:54 INFO  Log:15 - =====================================addToCartTest TEST END=========================================
2022-09-21 18:07:41 INFO  Log:11 - =====================================productAvailabilityTest TEST START=========================================
2022-09-21 18:07:51 INFO  Log:15 - =====================================productAvailabilityTest TEST END=========================================
2022-09-21 18:10:31 INFO  Log:11 - =====================================endToEndTest TEST START=========================================
2022-09-21 18:10:56 INFO  Log:11 - =====================================verifyCreateAccountPageTest TEST START=========================================
2022-09-21 18:11:36 INFO  Log:11 - =====================================endToEndTest TEST START=========================================
2022-09-21 18:12:55 INFO  Log:11 - =====================================verifyCreateAccountPageTest TEST START=========================================
2022-09-21 18:14:13 INFO  Log:11 - =====================================verifyLogo TEST START=========================================
2022-09-21 18:14:33 INFO  Log:15 - =====================================verifyLogo TEST END=========================================
2022-09-21 18:15:03 INFO  Log:11 - =====================================verifyTitle TEST START=========================================
2022-09-21 18:15:03 INFO  Log:15 - =====================================verifyTitle TEST END=========================================
2022-09-21 18:15:31 INFO  Log:11 - =====================================productAvailabilityTest TEST START=========================================
2022-09-21 18:15:40 INFO  Log:15 - =====================================productAvailabilityTest TEST END=========================================
2022-09-21 18:15:47 INFO  Log:11 - =====================================Login TEST START=========================================
2022-09-21 18:15:47 INFO  Log:22 - User is going to click on SignIn Option
2022-09-21 18:17:04 INFO  Log:11 - =====================================verifyTotalPrice TEST START=========================================
2022-09-21 18:17:42 INFO  Log:15 - =====================================verifyTotalPrice TEST END=========================================
2022-09-21 18:18:14 INFO  Log:11 - =====================================addToCartTest TEST START=========================================
2022-09-21 18:18:51 INFO  Log:15 - =====================================addToCartTest TEST END=========================================
2022-09-21 18:20:13 INFO  Log:11 - =====================================endToEndTest TEST START=========================================
2022-09-21 18:23:11 INFO  Log:11 - =====================================verifyCreateAccountPageTest TEST START=========================================
2022-09-21 18:23:24 INFO  Log:15 - =====================================verifyCreateAccountPageTest TEST END=========================================
2022-09-21 18:23:41 INFO  Log:11 - =====================================verifyLogo TEST START=========================================
2022-09-21 18:23:46 INFO  Log:15 - =====================================verifyLogo TEST END=========================================
2022-09-21 18:24:07 INFO  Log:11 - =====================================verifyTitle TEST START=========================================
2022-09-21 18:24:07 INFO  Log:15 - =====================================verifyTitle TEST END=========================================
2022-09-21 18:24:32 INFO  Log:11 - =====================================productAvailabilityTest TEST START=========================================
2022-09-21 18:24:39 INFO  Log:15 - =====================================productAvailabilityTest TEST END=========================================
2022-09-21 18:24:54 INFO  Log:11 - =====================================Login TEST START=========================================
2022-09-21 18:24:54 INFO  Log:22 - User is going to click on SignIn Option
2022-09-21 18:25:00 INFO  Log:22 - Enter username and password
2022-09-21 18:25:08 INFO  Log:22 - Verify that if user is able to login
2022-09-21 18:25:08 INFO  Log:22 - login is success
2022-09-21 18:25:08 INFO  Log:15 - =====================================Login TEST END=========================================
2022-09-21 18:25:34 INFO  Log:11 - =====================================verifyTotalPrice TEST START=========================================
2022-09-21 18:26:08 INFO  Log:15 - =====================================verifyTotalPrice TEST END=========================================
2022-09-21 18:26:30 INFO  Log:11 - =====================================addToCartTest TEST START=========================================
2022-09-21 18:26:55 INFO  Log:15 - =====================================addToCartTest TEST END=========================================
2022-09-21 19:32:18 INFO  Log:11 - =====================================endToEndTest TEST START=========================================
2022-09-21 19:34:02 INFO  Log:15 - =====================================endToEndTest TEST END=========================================
2022-09-21 19:34:23 INFO  Log:11 - =====================================verifyCreateAccountPageTest TEST START=========================================
2022-09-21 19:34:40 INFO  Log:15 - =====================================verifyCreateAccountPageTest TEST END=========================================
2022-09-21 19:35:05 INFO  Log:11 - =====================================verifyLogo TEST START=========================================
2022-09-21 19:35:19 INFO  Log:15 - =====================================verifyLogo TEST END=========================================
2022-09-21 19:35:49 INFO  Log:11 - =====================================verifyTitle TEST START=========================================
2022-09-21 19:35:50 INFO  Log:15 - =====================================verifyTitle TEST END=========================================
2022-09-21 19:36:10 INFO  Log:11 - =====================================productAvailabilityTest TEST START=========================================
2022-09-21 19:36:22 INFO  Log:15 - =====================================productAvailabilityTest TEST END=========================================
2022-09-21 19:36:52 INFO  Log:11 - =====================================orderHistoryandDetailsTest TEST START=========================================
2022-09-21 19:37:36 INFO  Log:15 - =====================================orderHistoryandDetailsTest TEST END=========================================
2022-09-21 19:38:01 INFO  Log:11 - =====================================wishListTest TEST START=========================================
2022-09-21 19:38:29 INFO  Log:15 - =====================================wishListTest TEST END=========================================
2022-09-21 19:39:02 INFO  Log:11 - =====================================Login TEST START=========================================
2022-09-21 19:39:02 INFO  Log:22 - User is going to click on SignIn Option
2022-09-21 19:39:10 INFO  Log:22 - Enter username and password
2022-09-21 19:39:19 INFO  Log:22 - Verify that if user is able to login
2022-09-21 19:39:19 INFO  Log:22 - login is success
2022-09-21 19:39:19 INFO  Log:15 - =====================================Login TEST END=========================================
2022-09-21 19:39:51 INFO  Log:11 - =====================================verifyTotalPrice TEST START=========================================
2022-09-21 19:41:10 INFO  Log:11 - =====================================addToCartTest TEST START=========================================
2022-09-21 19:41:28 INFO  Log:15 - =====================================addToCartTest TEST END=========================================
2022-09-21 19:45:09 INFO  Log:11 - =====================================verifyTotalPrice TEST START=========================================
2022-09-21 19:45:59 INFO  Log:11 - =====================================verifyTotalPrice TEST START=========================================
2022-09-21 19:46:15 INFO  Log:15 - =====================================verifyTotalPrice TEST END=========================================
2022-09-21 19:47:40 INFO  Log:11 - =====================================verifyTotalPrice TEST START=========================================
2022-09-21 19:48:13 INFO  Log:11 - =====================================verifyTotalPrice TEST START=========================================
2022-09-21 19:48:45 INFO  Log:15 - =====================================verifyTotalPrice TEST END=========================================
2022-09-21 19:50:32 INFO  Log:11 - =====================================endToEndTest TEST START=========================================
2022-09-22 10:14:21 INFO  Log:11 - =====================================endToEndTest TEST START=========================================
2022-09-22 10:15:57 INFO  Log:15 - =====================================endToEndTest TEST END=========================================
2022-09-22 10:16:11 INFO  Log:11 - =====================================verifyCreateAccountPageTest TEST START=========================================
2022-09-22 10:16:19 INFO  Log:15 - =====================================verifyCreateAccountPageTest TEST END=========================================
2022-09-22 10:16:32 INFO  Log:11 - =====================================verifyLogo TEST START=========================================
2022-09-22 10:16:35 INFO  Log:15 - =====================================verifyLogo TEST END=========================================
2022-09-22 10:16:47 INFO  Log:11 - =====================================verifyTitle TEST START=========================================
2022-09-22 10:16:47 INFO  Log:15 - =====================================verifyTitle TEST END=========================================
2022-09-22 10:16:59 INFO  Log:11 - =====================================productAvailabilityTest TEST START=========================================
2022-09-22 10:17:01 INFO  Log:15 - =====================================productAvailabilityTest TEST END=========================================
2022-09-22 10:17:30 INFO  Log:11 - =====================================orderHistoryandDetailsTest TEST START=========================================
2022-09-22 10:17:40 INFO  Log:15 - =====================================orderHistoryandDetailsTest TEST END=========================================
2022-09-22 10:17:54 INFO  Log:11 - =====================================wishListTest TEST START=========================================
2022-09-22 10:18:08 INFO  Log:15 - =====================================wishListTest TEST END=========================================
2022-09-22 10:18:21 INFO  Log:11 - =====================================Login TEST START=========================================
2022-09-22 10:18:21 INFO  Log:22 - User is going to click on SignIn Option
2022-09-22 10:18:25 INFO  Log:22 - Enter username and password
2022-09-22 10:18:29 INFO  Log:22 - Verify that if user is able to login
2022-09-22 10:18:29 INFO  Log:22 - login is success
2022-09-22 10:18:29 INFO  Log:15 - =====================================Login TEST END=========================================
2022-09-22 10:18:41 INFO  Log:11 - =====================================verifyTotalPrice TEST START=========================================
2022-09-22 10:18:56 INFO  Log:15 - =====================================verifyTotalPrice TEST END=========================================
2022-09-22 10:19:23 INFO  Log:11 - =====================================addToCartTest TEST START=========================================
2022-09-22 10:19:41 INFO  Log:15 - =====================================addToCartTest TEST END=========================================
2022-09-22 12:15:39 INFO  Log:11 - =====================================endToEndTest TEST START=========================================
2022-09-22 12:16:55 INFO  Log:15 - =====================================endToEndTest TEST END=========================================
2022-09-22 12:17:08 INFO  Log:11 - =====================================verifyCreateAccountPageTest TEST START=========================================
2022-09-22 12:17:14 INFO  Log:15 - =====================================verifyCreateAccountPageTest TEST END=========================================
2022-09-22 12:17:24 INFO  Log:11 - =====================================verifyLogo TEST START=========================================
2022-09-22 12:17:27 INFO  Log:15 - =====================================verifyLogo TEST END=========================================
2022-09-22 12:17:37 INFO  Log:11 - =====================================verifyTitle TEST START=========================================
2022-09-22 12:17:37 INFO  Log:15 - =====================================verifyTitle TEST END=========================================
2022-09-22 12:18:01 INFO  Log:11 - =====================================productAvailabilityTest TEST START=========================================
2022-09-22 12:18:11 INFO  Log:15 - =====================================productAvailabilityTest TEST END=========================================
2022-09-22 12:18:26 INFO  Log:11 - =====================================orderHistoryandDetailsTest TEST START=========================================
2022-09-22 12:18:36 INFO  Log:15 - =====================================orderHistoryandDetailsTest TEST END=========================================
2022-09-22 12:18:54 INFO  Log:11 - =====================================wishListTest TEST START=========================================
2022-09-22 12:19:09 INFO  Log:15 - =====================================wishListTest TEST END=========================================
2022-09-22 12:19:19 INFO  Log:11 - =====================================Login TEST START=========================================
2022-09-22 12:19:19 INFO  Log:22 - User is going to click on SignIn Option
2022-09-22 12:19:23 INFO  Log:22 - Enter username and password
2022-09-22 12:19:28 INFO  Log:22 - Verify that if user is able to login
2022-09-22 12:19:28 INFO  Log:22 - login is success
2022-09-22 12:19:28 INFO  Log:15 - =====================================Login TEST END=========================================
2022-09-22 12:19:43 INFO  Log:11 - =====================================verifyTotalPrice TEST START=========================================
2022-09-22 12:19:57 INFO  Log:15 - =====================================verifyTotalPrice TEST END=========================================
2022-09-22 12:20:09 INFO  Log:11 - =====================================addToCartTest TEST START=========================================
2022-09-22 12:20:21 INFO  Log:15 - =====================================addToCartTest TEST END=========================================
2022-09-22 12:20:22 DEBUG cache:45 - Couldn't find template in cache for "v3html/v3-html-index.ftl"("en", UTF-8, parsed); will try to load it.
2022-09-22 12:20:22 DEBUG cache:45 - TemplateLoader.findTemplateSource("v3html/v3-html-index_en.ftl"): Not found
2022-09-22 12:20:22 DEBUG cache:45 - TemplateLoader.findTemplateSource("v3html/v3-html-index.ftl"): Found
2022-09-22 12:20:22 DEBUG cache:45 - Loading template for "v3html/v3-html-index.ftl"("en", UTF-8, parsed) from "jar:file:/C:/Users/Owner/.m2/repository/com/aventstack/extentreports/4.0.9/extentreports-4.0.9.jar!/com/aventstack/extentreports/view/v3html/v3-html-index.ftl"
2022-09-22 12:20:22 DEBUG cache:45 - Couldn't find template in cache for "v3html/v3-html-head.ftl"("en", UTF-8, parsed); will try to load it.
2022-09-22 12:20:22 DEBUG cache:45 - TemplateLoader.findTemplateSource("v3html/v3-html-head_en.ftl"): Not found
2022-09-22 12:20:22 DEBUG cache:45 - TemplateLoader.findTemplateSource("v3html/v3-html-head.ftl"): Found
2022-09-22 12:20:22 DEBUG cache:45 - Loading template for "v3html/v3-html-head.ftl"("en", UTF-8, parsed) from "jar:file:/C:/Users/Owner/.m2/repository/com/aventstack/extentreports/4.0.9/extentreports-4.0.9.jar!/com/aventstack/extentreports/view/v3html/v3-html-head.ftl"
2022-09-22 12:20:22 DEBUG cache:45 - Couldn't find template in cache for "v3html/v3-html-nav.ftl"("en", UTF-8, parsed); will try to load it.
2022-09-22 12:20:22 DEBUG cache:45 - TemplateLoader.findTemplateSource("v3html/v3-html-nav_en.ftl"): Not found
2022-09-22 12:20:22 DEBUG cache:45 - TemplateLoader.findTemplateSource("v3html/v3-html-nav.ftl"): Found
2022-09-22 12:20:22 DEBUG cache:45 - Loading template for "v3html/v3-html-nav.ftl"("en", UTF-8, parsed) from "jar:file:/C:/Users/Owner/.m2/repository/com/aventstack/extentreports/4.0.9/extentreports-4.0.9.jar!/com/aventstack/extentreports/view/v3html/v3-html-nav.ftl"
2022-09-22 12:20:22 DEBUG cache:45 - Couldn't find template in cache for "v3html/test-view/v3-html-test-view.ftl"("en", UTF-8, parsed); will try to load it.
2022-09-22 12:20:22 DEBUG cache:45 - TemplateLoader.findTemplateSource("v3html/test-view/v3-html-test-view_en.ftl"): Not found
2022-09-22 12:20:22 DEBUG cache:45 - TemplateLoader.findTemplateSource("v3html/test-view/v3-html-test-view.ftl"): Found
2022-09-22 12:20:22 DEBUG cache:45 - Loading template for "v3html/test-view/v3-html-test-view.ftl"("en", UTF-8, parsed) from "jar:file:/C:/Users/Owner/.m2/repository/com/aventstack/extentreports/4.0.9/extentreports-4.0.9.jar!/com/aventstack/extentreports/view/v3html/test-view/v3-html-test-view.ftl"
2022-09-22 12:20:22 DEBUG cache:45 - Couldn't find template in cache for "v3html/test-view/v3-html-test-view-charts.ftl"("en", UTF-8, parsed); will try to load it.
2022-09-22 12:20:22 DEBUG cache:45 - TemplateLoader.findTemplateSource("v3html/test-view/v3-html-test-view-charts_en.ftl"): Not found
2022-09-22 12:20:22 DEBUG cache:45 - TemplateLoader.findTemplateSource("v3html/test-view/v3-html-test-view-charts.ftl"): Found
2022-09-22 12:20:22 DEBUG cache:45 - Loading template for "v3html/test-view/v3-html-test-view-charts.ftl"("en", UTF-8, parsed) from "jar:file:/C:/Users/Owner/.m2/repository/com/aventstack/extentreports/4.0.9/extentreports-4.0.9.jar!/com/aventstack/extentreports/view/v3html/test-view/v3-html-test-view-charts.ftl"
2022-09-22 12:20:22 DEBUG cache:45 - Couldn't find template in cache for "v3html/test-view/v3-html-standard.ftl"("en", UTF-8, parsed); will try to load it.
2022-09-22 12:20:22 DEBUG cache:45 - TemplateLoader.findTemplateSource("v3html/test-view/v3-html-standard_en.ftl"): Not found
2022-09-22 12:20:22 DEBUG cache:45 - TemplateLoader.findTemplateSource("v3html/test-view/v3-html-standard.ftl"): Found
2022-09-22 12:20:22 DEBUG cache:45 - Loading template for "v3html/test-view/v3-html-standard.ftl"("en", UTF-8, parsed) from "jar:file:/C:/Users/Owner/.m2/repository/com/aventstack/extentreports/4.0.9/extentreports-4.0.9.jar!/com/aventstack/extentreports/view/v3html/test-view/v3-html-standard.ftl"
2022-09-22 12:20:22 DEBUG cache:45 - "v3html/test-view/v3-html-standard.ftl"("en", UTF-8, parsed) cached copy not yet stale; using cached.
2022-09-22 12:20:22 DEBUG cache:45 - "v3html/test-view/v3-html-standard.ftl"("en", UTF-8, parsed) cached copy not yet stale; using cached.
2022-09-22 12:20:22 DEBUG cache:45 - "v3html/test-view/v3-html-standard.ftl"("en", UTF-8, parsed) cached copy not yet stale; using cached.
2022-09-22 12:20:22 DEBUG cache:45 - "v3html/test-view/v3-html-standard.ftl"("en", UTF-8, parsed) cached copy not yet stale; using cached.
2022-09-22 12:20:22 DEBUG cache:45 - "v3html/test-view/v3-html-standard.ftl"("en", UTF-8, parsed) cached copy not yet stale; using cached.
2022-09-22 12:20:22 DEBUG cache:45 - "v3html/test-view/v3-html-standard.ftl"("en", UTF-8, parsed) cached copy not yet stale; using cached.
2022-09-22 12:20:22 DEBUG cache:45 - "v3html/test-view/v3-html-standard.ftl"("en", UTF-8, parsed) cached copy not yet stale; using cached.
2022-09-22 12:20:22 DEBUG cache:45 - "v3html/test-view/v3-html-standard.ftl"("en", UTF-8, parsed) cached copy not yet stale; using cached.
2022-09-22 12:20:22 DEBUG cache:45 - "v3html/test-view/v3-html-standard.ftl"("en", UTF-8, parsed) cached copy not yet stale; using cached.
2022-09-22 12:20:22 DEBUG cache:45 - Couldn't find template in cache for "v3html/category-view/v3-html-category-view.ftl"("en", UTF-8, parsed); will try to load it.
2022-09-22 12:20:22 DEBUG cache:45 - TemplateLoader.findTemplateSource("v3html/category-view/v3-html-category-view_en.ftl"): Not found
2022-09-22 12:20:22 DEBUG cache:45 - TemplateLoader.findTemplateSource("v3html/category-view/v3-html-category-view.ftl"): Found
2022-09-22 12:20:22 DEBUG cache:45 - Loading template for "v3html/category-view/v3-html-category-view.ftl"("en", UTF-8, parsed) from "jar:file:/C:/Users/Owner/.m2/repository/com/aventstack/extentreports/4.0.9/extentreports-4.0.9.jar!/com/aventstack/extentreports/view/v3html/category-view/v3-html-category-view.ftl"
2022-09-22 12:20:22 DEBUG cache:45 - Couldn't find template in cache for "v3html/exception-view/v3-html-exception-view.ftl"("en", UTF-8, parsed); will try to load it.
2022-09-22 12:20:22 DEBUG cache:45 - TemplateLoader.findTemplateSource("v3html/exception-view/v3-html-exception-view_en.ftl"): Not found
2022-09-22 12:20:22 DEBUG cache:45 - TemplateLoader.findTemplateSource("v3html/exception-view/v3-html-exception-view.ftl"): Found
2022-09-22 12:20:22 DEBUG cache:45 - Loading template for "v3html/exception-view/v3-html-exception-view.ftl"("en", UTF-8, parsed) from "jar:file:/C:/Users/Owner/.m2/repository/com/aventstack/extentreports/4.0.9/extentreports-4.0.9.jar!/com/aventstack/extentreports/view/v3html/exception-view/v3-html-exception-view.ftl"
2022-09-22 12:20:22 DEBUG cache:45 - Couldn't find template in cache for "v3html/author-view/v3-html-author-view.ftl"("en", UTF-8, parsed); will try to load it.
2022-09-22 12:20:22 DEBUG cache:45 - TemplateLoader.findTemplateSource("v3html/author-view/v3-html-author-view_en.ftl"): Not found
2022-09-22 12:20:22 DEBUG cache:45 - TemplateLoader.findTemplateSource("v3html/author-view/v3-html-author-view.ftl"): Found
2022-09-22 12:20:22 DEBUG cache:45 - Loading template for "v3html/author-view/v3-html-author-view.ftl"("en", UTF-8, parsed) from "jar:file:/C:/Users/Owner/.m2/repository/com/aventstack/extentreports/4.0.9/extentreports-4.0.9.jar!/com/aventstack/extentreports/view/v3html/author-view/v3-html-author-view.ftl"
2022-09-22 12:20:22 DEBUG cache:45 - Couldn't find template in cache for "v3html/dashboard-view/v3-html-dashboard-view.ftl"("en", UTF-8, parsed); will try to load it.
2022-09-22 12:20:22 DEBUG cache:45 - TemplateLoader.findTemplateSource("v3html/dashboard-view/v3-html-dashboard-view_en.ftl"): Not found
2022-09-22 12:20:22 DEBUG cache:45 - TemplateLoader.findTemplateSource("v3html/dashboard-view/v3-html-dashboard-view.ftl"): Found
2022-09-22 12:20:22 DEBUG cache:45 - Loading template for "v3html/dashboard-view/v3-html-dashboard-view.ftl"("en", UTF-8, parsed) from "jar:file:/C:/Users/Owner/.m2/repository/com/aventstack/extentreports/4.0.9/extentreports-4.0.9.jar!/com/aventstack/extentreports/view/v3html/dashboard-view/v3-html-dashboard-view.ftl"
2022-09-22 12:20:22 DEBUG cache:45 - Couldn't find template in cache for "v3html/logs-view/v3-html-testrunner-logs-view.ftl"("en", UTF-8, parsed); will try to load it.
2022-09-22 12:20:22 DEBUG cache:45 - TemplateLoader.findTemplateSource("v3html/logs-view/v3-html-testrunner-logs-view_en.ftl"): Not found
2022-09-22 12:20:22 DEBUG cache:45 - TemplateLoader.findTemplateSource("v3html/logs-view/v3-html-testrunner-logs-view.ftl"): Found
2022-09-22 12:20:22 DEBUG cache:45 - Loading template for "v3html/logs-view/v3-html-testrunner-logs-view.ftl"("en", UTF-8, parsed) from "jar:file:/C:/Users/Owner/.m2/repository/com/aventstack/extentreports/4.0.9/extentreports-4.0.9.jar!/com/aventstack/extentreports/view/v3html/logs-view/v3-html-testrunner-logs-view.ftl"
2022-09-22 12:34:43 INFO  Log:11 - =====================================endToEndTest TEST START=========================================
2022-09-22 12:41:01 INFO  Log:11 - =====================================endToEndTest TEST START=========================================
2022-09-22 12:42:17 INFO  Log:15 - =====================================endToEndTest TEST END=========================================
2022-09-22 12:42:31 INFO  Log:11 - =====================================verifyCreateAccountPageTest TEST START=========================================
2022-09-22 12:42:40 INFO  Log:15 - =====================================verifyCreateAccountPageTest TEST END=========================================
2022-09-22 12:43:12 INFO  Log:11 - =====================================verifyLogo TEST START=========================================
2022-09-22 12:43:19 INFO  Log:15 - =====================================verifyLogo TEST END=========================================
2022-09-22 12:43:30 INFO  Log:11 - =====================================verifyTitle TEST START=========================================
2022-09-22 12:43:45 INFO  Log:11 - =====================================productAvailabilityTest TEST START=========================================
2022-09-22 12:43:54 INFO  Log:15 - =====================================productAvailabilityTest TEST END=========================================
2022-09-22 12:44:10 INFO  Log:11 - =====================================orderHistoryandDetailsTest TEST START=========================================
2022-09-22 12:44:42 INFO  Log:11 - =====================================wishListTest TEST START=========================================
2022-09-22 12:44:54 INFO  Log:15 - =====================================wishListTest TEST END=========================================
2022-09-22 12:45:14 INFO  Log:11 - =====================================Login TEST START=========================================
2022-09-22 12:45:14 INFO  Log:22 - User is going to click on SignIn Option
2022-09-22 12:45:25 INFO  Log:22 - Enter username and password
2022-09-22 12:45:32 INFO  Log:22 - Verify that if user is able to login
2022-09-22 12:45:32 INFO  Log:22 - login is success
2022-09-22 12:45:32 INFO  Log:15 - =====================================Login TEST END=========================================
2022-09-22 12:45:45 INFO  Log:11 - =====================================verifyTotalPrice TEST START=========================================
2022-09-22 12:46:01 INFO  Log:15 - =====================================verifyTotalPrice TEST END=========================================
2022-09-22 12:46:31 INFO  Log:11 - =====================================addToCartTest TEST START=========================================
2022-09-22 12:46:56 INFO  Log:15 - =====================================addToCartTest TEST END=========================================
2022-09-22 12:46:57 DEBUG cache:45 - Couldn't find template in cache for "v3html/v3-html-index.ftl"("en", UTF-8, parsed); will try to load it.
2022-09-22 12:46:57 DEBUG cache:45 - TemplateLoader.findTemplateSource("v3html/v3-html-index_en.ftl"): Not found
2022-09-22 12:46:57 DEBUG cache:45 - TemplateLoader.findTemplateSource("v3html/v3-html-index.ftl"): Found
2022-09-22 12:46:57 DEBUG cache:45 - Loading template for "v3html/v3-html-index.ftl"("en", UTF-8, parsed) from "jar:file:/C:/Users/Owner/.m2/repository/com/aventstack/extentreports/4.0.9/extentreports-4.0.9.jar!/com/aventstack/extentreports/view/v3html/v3-html-index.ftl"
2022-09-22 12:46:57 DEBUG cache:45 - Couldn't find template in cache for "v3html/v3-html-head.ftl"("en", UTF-8, parsed); will try to load it.
2022-09-22 12:46:57 DEBUG cache:45 - TemplateLoader.findTemplateSource("v3html/v3-html-head_en.ftl"): Not found
2022-09-22 12:46:57 DEBUG cache:45 - TemplateLoader.findTemplateSource("v3html/v3-html-head.ftl"): Found
2022-09-22 12:46:57 DEBUG cache:45 - Loading template for "v3html/v3-html-head.ftl"("en", UTF-8, parsed) from "jar:file:/C:/Users/Owner/.m2/repository/com/aventstack/extentreports/4.0.9/extentreports-4.0.9.jar!/com/aventstack/extentreports/view/v3html/v3-html-head.ftl"
2022-09-22 12:46:57 DEBUG cache:45 - Couldn't find template in cache for "v3html/v3-html-nav.ftl"("en", UTF-8, parsed); will try to load it.
2022-09-22 12:46:57 DEBUG cache:45 - TemplateLoader.findTemplateSource("v3html/v3-html-nav_en.ftl"): Not found
2022-09-22 12:46:57 DEBUG cache:45 - TemplateLoader.findTemplateSource("v3html/v3-html-nav.ftl"): Found
2022-09-22 12:46:57 DEBUG cache:45 - Loading template for "v3html/v3-html-nav.ftl"("en", UTF-8, parsed) from "jar:file:/C:/Users/Owner/.m2/repository/com/aventstack/extentreports/4.0.9/extentreports-4.0.9.jar!/com/aventstack/extentreports/view/v3html/v3-html-nav.ftl"
2022-09-22 12:46:57 DEBUG cache:45 - Couldn't find template in cache for "v3html/test-view/v3-html-test-view.ftl"("en", UTF-8, parsed); will try to load it.
2022-09-22 12:46:57 DEBUG cache:45 - TemplateLoader.findTemplateSource("v3html/test-view/v3-html-test-view_en.ftl"): Not found
2022-09-22 12:46:57 DEBUG cache:45 - TemplateLoader.findTemplateSource("v3html/test-view/v3-html-test-view.ftl"): Found
2022-09-22 12:46:57 DEBUG cache:45 - Loading template for "v3html/test-view/v3-html-test-view.ftl"("en", UTF-8, parsed) from "jar:file:/C:/Users/Owner/.m2/repository/com/aventstack/extentreports/4.0.9/extentreports-4.0.9.jar!/com/aventstack/extentreports/view/v3html/test-view/v3-html-test-view.ftl"
2022-09-22 12:46:57 DEBUG cache:45 - Couldn't find template in cache for "v3html/test-view/v3-html-test-view-charts.ftl"("en", UTF-8, parsed); will try to load it.
2022-09-22 12:46:57 DEBUG cache:45 - TemplateLoader.findTemplateSource("v3html/test-view/v3-html-test-view-charts_en.ftl"): Not found
2022-09-22 12:46:57 DEBUG cache:45 - TemplateLoader.findTemplateSource("v3html/test-view/v3-html-test-view-charts.ftl"): Found
2022-09-22 12:46:57 DEBUG cache:45 - Loading template for "v3html/test-view/v3-html-test-view-charts.ftl"("en", UTF-8, parsed) from "jar:file:/C:/Users/Owner/.m2/repository/com/aventstack/extentreports/4.0.9/extentreports-4.0.9.jar!/com/aventstack/extentreports/view/v3html/test-view/v3-html-test-view-charts.ftl"
2022-09-22 12:46:57 DEBUG cache:45 - Couldn't find template in cache for "v3html/test-view/v3-html-standard.ftl"("en", UTF-8, parsed); will try to load it.
2022-09-22 12:46:57 DEBUG cache:45 - TemplateLoader.findTemplateSource("v3html/test-view/v3-html-standard_en.ftl"): Not found
2022-09-22 12:46:57 DEBUG cache:45 - TemplateLoader.findTemplateSource("v3html/test-view/v3-html-standard.ftl"): Found
2022-09-22 12:46:57 DEBUG cache:45 - Loading template for "v3html/test-view/v3-html-standard.ftl"("en", UTF-8, parsed) from "jar:file:/C:/Users/Owner/.m2/repository/com/aventstack/extentreports/4.0.9/extentreports-4.0.9.jar!/com/aventstack/extentreports/view/v3html/test-view/v3-html-standard.ftl"
2022-09-22 12:46:57 DEBUG cache:45 - "v3html/test-view/v3-html-standard.ftl"("en", UTF-8, parsed) cached copy not yet stale; using cached.
2022-09-22 12:46:57 DEBUG cache:45 - "v3html/test-view/v3-html-standard.ftl"("en", UTF-8, parsed) cached copy not yet stale; using cached.
2022-09-22 12:46:57 DEBUG cache:45 - "v3html/test-view/v3-html-standard.ftl"("en", UTF-8, parsed) cached copy not yet stale; using cached.
2022-09-22 12:46:57 DEBUG cache:45 - "v3html/test-view/v3-html-standard.ftl"("en", UTF-8, parsed) cached copy not yet stale; using cached.
2022-09-22 12:46:57 DEBUG cache:45 - "v3html/test-view/v3-html-standard.ftl"("en", UTF-8, parsed) cached copy not yet stale; using cached.
2022-09-22 12:46:57 DEBUG cache:45 - "v3html/test-view/v3-html-standard.ftl"("en", UTF-8, parsed) cached copy not yet stale; using cached.
2022-09-22 12:46:57 DEBUG cache:45 - "v3html/test-view/v3-html-standard.ftl"("en", UTF-8, parsed) cached copy not yet stale; using cached.
2022-09-22 12:46:57 DEBUG cache:45 - "v3html/test-view/v3-html-standard.ftl"("en", UTF-8, parsed) cached copy not yet stale; using cached.
2022-09-22 12:46:57 DEBUG cache:45 - "v3html/test-view/v3-html-standard.ftl"("en", UTF-8, parsed) cached copy not yet stale; using cached.
2022-09-22 12:46:57 DEBUG cache:45 - Couldn't find template in cache for "v3html/category-view/v3-html-category-view.ftl"("en", UTF-8, parsed); will try to load it.
2022-09-22 12:46:57 DEBUG cache:45 - TemplateLoader.findTemplateSource("v3html/category-view/v3-html-category-view_en.ftl"): Not found
2022-09-22 12:46:57 DEBUG cache:45 - TemplateLoader.findTemplateSource("v3html/category-view/v3-html-category-view.ftl"): Found
2022-09-22 12:46:57 DEBUG cache:45 - Loading template for "v3html/category-view/v3-html-category-view.ftl"("en", UTF-8, parsed) from "jar:file:/C:/Users/Owner/.m2/repository/com/aventstack/extentreports/4.0.9/extentreports-4.0.9.jar!/com/aventstack/extentreports/view/v3html/category-view/v3-html-category-view.ftl"
2022-09-22 12:46:57 DEBUG cache:45 - Couldn't find template in cache for "v3html/exception-view/v3-html-exception-view.ftl"("en", UTF-8, parsed); will try to load it.
2022-09-22 12:46:57 DEBUG cache:45 - TemplateLoader.findTemplateSource("v3html/exception-view/v3-html-exception-view_en.ftl"): Not found
2022-09-22 12:46:57 DEBUG cache:45 - TemplateLoader.findTemplateSource("v3html/exception-view/v3-html-exception-view.ftl"): Found
2022-09-22 12:46:57 DEBUG cache:45 - Loading template for "v3html/exception-view/v3-html-exception-view.ftl"("en", UTF-8, parsed) from "jar:file:/C:/Users/Owner/.m2/repository/com/aventstack/extentreports/4.0.9/extentreports-4.0.9.jar!/com/aventstack/extentreports/view/v3html/exception-view/v3-html-exception-view.ftl"
2022-09-22 12:46:57 DEBUG cache:45 - Couldn't find template in cache for "v3html/author-view/v3-html-author-view.ftl"("en", UTF-8, parsed); will try to load it.
2022-09-22 12:46:57 DEBUG cache:45 - TemplateLoader.findTemplateSource("v3html/author-view/v3-html-author-view_en.ftl"): Not found
2022-09-22 12:46:57 DEBUG cache:45 - TemplateLoader.findTemplateSource("v3html/author-view/v3-html-author-view.ftl"): Found
2022-09-22 12:46:57 DEBUG cache:45 - Loading template for "v3html/author-view/v3-html-author-view.ftl"("en", UTF-8, parsed) from "jar:file:/C:/Users/Owner/.m2/repository/com/aventstack/extentreports/4.0.9/extentreports-4.0.9.jar!/com/aventstack/extentreports/view/v3html/author-view/v3-html-author-view.ftl"
2022-09-22 12:46:57 DEBUG cache:45 - Couldn't find template in cache for "v3html/dashboard-view/v3-html-dashboard-view.ftl"("en", UTF-8, parsed); will try to load it.
2022-09-22 12:46:57 DEBUG cache:45 - TemplateLoader.findTemplateSource("v3html/dashboard-view/v3-html-dashboard-view_en.ftl"): Not found
2022-09-22 12:46:57 DEBUG cache:45 - TemplateLoader.findTemplateSource("v3html/dashboard-view/v3-html-dashboard-view.ftl"): Found
2022-09-22 12:46:57 DEBUG cache:45 - Loading template for "v3html/dashboard-view/v3-html-dashboard-view.ftl"("en", UTF-8, parsed) from "jar:file:/C:/Users/Owner/.m2/repository/com/aventstack/extentreports/4.0.9/extentreports-4.0.9.jar!/com/aventstack/extentreports/view/v3html/dashboard-view/v3-html-dashboard-view.ftl"
2022-09-22 12:46:57 DEBUG cache:45 - Couldn't find template in cache for "v3html/logs-view/v3-html-testrunner-logs-view.ftl"("en", UTF-8, parsed); will try to load it.
2022-09-22 12:46:57 DEBUG cache:45 - TemplateLoader.findTemplateSource("v3html/logs-view/v3-html-testrunner-logs-view_en.ftl"): Not found
2022-09-22 12:46:57 DEBUG cache:45 - TemplateLoader.findTemplateSource("v3html/logs-view/v3-html-testrunner-logs-view.ftl"): Found
2022-09-22 12:46:57 DEBUG cache:45 - Loading template for "v3html/logs-view/v3-html-testrunner-logs-view.ftl"("en", UTF-8, parsed) from "jar:file:/C:/Users/Owner/.m2/repository/com/aventstack/extentreports/4.0.9/extentreports-4.0.9.jar!/com/aventstack/extentreports/view/v3html/logs-view/v3-html-testrunner-logs-view.ftl"
2022-09-22 17:42:33 INFO  Log:11 - =====================================endToEndTest TEST START=========================================
2022-09-22 17:45:12 INFO  Log:15 - =====================================endToEndTest TEST END=========================================
2022-09-22 17:45:29 INFO  Log:11 - =====================================verifyCreateAccountPageTest TEST START=========================================
2022-09-22 17:45:55 INFO  Log:15 - =====================================verifyCreateAccountPageTest TEST END=========================================
2022-09-22 17:46:18 INFO  Log:11 - =====================================verifyLogo TEST START=========================================
2022-09-22 17:46:31 INFO  Log:15 - =====================================verifyLogo TEST END=========================================
2022-09-22 17:46:50 INFO  Log:11 - =====================================verifyTitle TEST START=========================================
2022-09-22 17:47:04 INFO  Log:11 - =====================================productAvailabilityTest TEST START=========================================
2022-09-22 17:47:15 INFO  Log:15 - =====================================productAvailabilityTest TEST END=========================================
2022-09-22 17:47:40 INFO  Log:11 - =====================================orderHistoryandDetailsTest TEST START=========================================
2022-09-22 17:48:26 INFO  Log:11 - =====================================wishListTest TEST START=========================================
2022-09-22 17:48:44 INFO  Log:15 - =====================================wishListTest TEST END=========================================
2022-09-22 17:48:57 INFO  Log:11 - =====================================Login TEST START=========================================
2022-09-22 17:48:57 INFO  Log:22 - User is going to click on SignIn Option
2022-09-22 17:49:03 INFO  Log:22 - Enter username and password
2022-09-22 17:49:12 INFO  Log:22 - Verify that if user is able to login
2022-09-22 17:49:12 INFO  Log:22 - login is success
2022-09-22 17:49:12 INFO  Log:15 - =====================================Login TEST END=========================================
2022-09-22 17:49:24 INFO  Log:11 - =====================================verifyTotalPrice TEST START=========================================
2022-09-22 17:49:56 INFO  Log:15 - =====================================verifyTotalPrice TEST END=========================================
2022-09-22 17:50:14 INFO  Log:11 - =====================================addToCartTest TEST START=========================================
2022-09-22 17:50:31 INFO  Log:15 - =====================================addToCartTest TEST END=========================================
2022-09-22 17:50:31 DEBUG cache:45 - Couldn't find template in cache for "v3html/v3-html-index.ftl"("en", UTF-8, parsed); will try to load it.
2022-09-22 17:50:31 DEBUG cache:45 - TemplateLoader.findTemplateSource("v3html/v3-html-index_en.ftl"): Not found
2022-09-22 17:50:31 DEBUG cache:45 - TemplateLoader.findTemplateSource("v3html/v3-html-index.ftl"): Found
2022-09-22 17:50:31 DEBUG cache:45 - Loading template for "v3html/v3-html-index.ftl"("en", UTF-8, parsed) from "jar:file:/C:/Users/Owner/.m2/repository/com/aventstack/extentreports/4.0.9/extentreports-4.0.9.jar!/com/aventstack/extentreports/view/v3html/v3-html-index.ftl"
2022-09-22 17:50:31 DEBUG cache:45 - Couldn't find template in cache for "v3html/v3-html-head.ftl"("en", UTF-8, parsed); will try to load it.
2022-09-22 17:50:31 DEBUG cache:45 - TemplateLoader.findTemplateSource("v3html/v3-html-head_en.ftl"): Not found
2022-09-22 17:50:31 DEBUG cache:45 - TemplateLoader.findTemplateSource("v3html/v3-html-head.ftl"): Found
2022-09-22 17:50:31 DEBUG cache:45 - Loading template for "v3html/v3-html-head.ftl"("en", UTF-8, parsed) from "jar:file:/C:/Users/Owner/.m2/repository/com/aventstack/extentreports/4.0.9/extentreports-4.0.9.jar!/com/aventstack/extentreports/view/v3html/v3-html-head.ftl"
2022-09-22 17:50:31 DEBUG cache:45 - Couldn't find template in cache for "v3html/v3-html-nav.ftl"("en", UTF-8, parsed); will try to load it.
2022-09-22 17:50:31 DEBUG cache:45 - TemplateLoader.findTemplateSource("v3html/v3-html-nav_en.ftl"): Not found
2022-09-22 17:50:31 DEBUG cache:45 - TemplateLoader.findTemplateSource("v3html/v3-html-nav.ftl"): Found
2022-09-22 17:50:31 DEBUG cache:45 - Loading template for "v3html/v3-html-nav.ftl"("en", UTF-8, parsed) from "jar:file:/C:/Users/Owner/.m2/repository/com/aventstack/extentreports/4.0.9/extentreports-4.0.9.jar!/com/aventstack/extentreports/view/v3html/v3-html-nav.ftl"
2022-09-22 17:50:31 DEBUG cache:45 - Couldn't find template in cache for "v3html/test-view/v3-html-test-view.ftl"("en", UTF-8, parsed); will try to load it.
2022-09-22 17:50:31 DEBUG cache:45 - TemplateLoader.findTemplateSource("v3html/test-view/v3-html-test-view_en.ftl"): Not found
2022-09-22 17:50:31 DEBUG cache:45 - TemplateLoader.findTemplateSource("v3html/test-view/v3-html-test-view.ftl"): Found
2022-09-22 17:50:31 DEBUG cache:45 - Loading template for "v3html/test-view/v3-html-test-view.ftl"("en", UTF-8, parsed) from "jar:file:/C:/Users/Owner/.m2/repository/com/aventstack/extentreports/4.0.9/extentreports-4.0.9.jar!/com/aventstack/extentreports/view/v3html/test-view/v3-html-test-view.ftl"
2022-09-22 17:50:31 DEBUG cache:45 - Couldn't find template in cache for "v3html/test-view/v3-html-test-view-charts.ftl"("en", UTF-8, parsed); will try to load it.
2022-09-22 17:50:31 DEBUG cache:45 - TemplateLoader.findTemplateSource("v3html/test-view/v3-html-test-view-charts_en.ftl"): Not found
2022-09-22 17:50:31 DEBUG cache:45 - TemplateLoader.findTemplateSource("v3html/test-view/v3-html-test-view-charts.ftl"): Found
2022-09-22 17:50:31 DEBUG cache:45 - Loading template for "v3html/test-view/v3-html-test-view-charts.ftl"("en", UTF-8, parsed) from "jar:file:/C:/Users/Owner/.m2/repository/com/aventstack/extentreports/4.0.9/extentreports-4.0.9.jar!/com/aventstack/extentreports/view/v3html/test-view/v3-html-test-view-charts.ftl"
2022-09-22 17:50:31 DEBUG cache:45 - Couldn't find template in cache for "v3html/test-view/v3-html-standard.ftl"("en", UTF-8, parsed); will try to load it.
2022-09-22 17:50:31 DEBUG cache:45 - TemplateLoader.findTemplateSource("v3html/test-view/v3-html-standard_en.ftl"): Not found
2022-09-22 17:50:31 DEBUG cache:45 - TemplateLoader.findTemplateSource("v3html/test-view/v3-html-standard.ftl"): Found
2022-09-22 17:50:31 DEBUG cache:45 - Loading template for "v3html/test-view/v3-html-standard.ftl"("en", UTF-8, parsed) from "jar:file:/C:/Users/Owner/.m2/repository/com/aventstack/extentreports/4.0.9/extentreports-4.0.9.jar!/com/aventstack/extentreports/view/v3html/test-view/v3-html-standard.ftl"
2022-09-22 17:50:31 DEBUG cache:45 - "v3html/test-view/v3-html-standard.ftl"("en", UTF-8, parsed) cached copy not yet stale; using cached.
2022-09-22 17:50:31 DEBUG cache:45 - "v3html/test-view/v3-html-standard.ftl"("en", UTF-8, parsed) cached copy not yet stale; using cached.
2022-09-22 17:50:31 DEBUG cache:45 - "v3html/test-view/v3-html-standard.ftl"("en", UTF-8, parsed) cached copy not yet stale; using cached.
2022-09-22 17:50:31 DEBUG cache:45 - "v3html/test-view/v3-html-standard.ftl"("en", UTF-8, parsed) cached copy not yet stale; using cached.
2022-09-22 17:50:32 DEBUG cache:45 - "v3html/test-view/v3-html-standard.ftl"("en", UTF-8, parsed) cached copy not yet stale; using cached.
2022-09-22 17:50:32 DEBUG cache:45 - "v3html/test-view/v3-html-standard.ftl"("en", UTF-8, parsed) cached copy not yet stale; using cached.
2022-09-22 17:50:32 DEBUG cache:45 - "v3html/test-view/v3-html-standard.ftl"("en", UTF-8, parsed) cached copy not yet stale; using cached.
2022-09-22 17:50:32 DEBUG cache:45 - "v3html/test-view/v3-html-standard.ftl"("en", UTF-8, parsed) cached copy not yet stale; using cached.
2022-09-22 17:50:32 DEBUG cache:45 - "v3html/test-view/v3-html-standard.ftl"("en", UTF-8, parsed) cached copy not yet stale; using cached.
2022-09-22 17:50:32 DEBUG cache:45 - Couldn't find template in cache for "v3html/category-view/v3-html-category-view.ftl"("en", UTF-8, parsed); will try to load it.
2022-09-22 17:50:32 DEBUG cache:45 - TemplateLoader.findTemplateSource("v3html/category-view/v3-html-category-view_en.ftl"): Not found
2022-09-22 17:50:32 DEBUG cache:45 - TemplateLoader.findTemplateSource("v3html/category-view/v3-html-category-view.ftl"): Found
2022-09-22 17:50:32 DEBUG cache:45 - Loading template for "v3html/category-view/v3-html-category-view.ftl"("en", UTF-8, parsed) from "jar:file:/C:/Users/Owner/.m2/repository/com/aventstack/extentreports/4.0.9/extentreports-4.0.9.jar!/com/aventstack/extentreports/view/v3html/category-view/v3-html-category-view.ftl"
2022-09-22 17:50:32 DEBUG cache:45 - Couldn't find template in cache for "v3html/exception-view/v3-html-exception-view.ftl"("en", UTF-8, parsed); will try to load it.
2022-09-22 17:50:32 DEBUG cache:45 - TemplateLoader.findTemplateSource("v3html/exception-view/v3-html-exception-view_en.ftl"): Not found
2022-09-22 17:50:32 DEBUG cache:45 - TemplateLoader.findTemplateSource("v3html/exception-view/v3-html-exception-view.ftl"): Found
2022-09-22 17:50:32 DEBUG cache:45 - Loading template for "v3html/exception-view/v3-html-exception-view.ftl"("en", UTF-8, parsed) from "jar:file:/C:/Users/Owner/.m2/repository/com/aventstack/extentreports/4.0.9/extentreports-4.0.9.jar!/com/aventstack/extentreports/view/v3html/exception-view/v3-html-exception-view.ftl"
2022-09-22 17:50:32 DEBUG cache:45 - Couldn't find template in cache for "v3html/author-view/v3-html-author-view.ftl"("en", UTF-8, parsed); will try to load it.
2022-09-22 17:50:32 DEBUG cache:45 - TemplateLoader.findTemplateSource("v3html/author-view/v3-html-author-view_en.ftl"): Not found
2022-09-22 17:50:32 DEBUG cache:45 - TemplateLoader.findTemplateSource("v3html/author-view/v3-html-author-view.ftl"): Found
2022-09-22 17:50:32 DEBUG cache:45 - Loading template for "v3html/author-view/v3-html-author-view.ftl"("en", UTF-8, parsed) from "jar:file:/C:/Users/Owner/.m2/repository/com/aventstack/extentreports/4.0.9/extentreports-4.0.9.jar!/com/aventstack/extentreports/view/v3html/author-view/v3-html-author-view.ftl"
2022-09-22 17:50:32 DEBUG cache:45 - Couldn't find template in cache for "v3html/dashboard-view/v3-html-dashboard-view.ftl"("en", UTF-8, parsed); will try to load it.
2022-09-22 17:50:32 DEBUG cache:45 - TemplateLoader.findTemplateSource("v3html/dashboard-view/v3-html-dashboard-view_en.ftl"): Not found
2022-09-22 17:50:32 DEBUG cache:45 - TemplateLoader.findTemplateSource("v3html/dashboard-view/v3-html-dashboard-view.ftl"): Found
2022-09-22 17:50:32 DEBUG cache:45 - Loading template for "v3html/dashboard-view/v3-html-dashboard-view.ftl"("en", UTF-8, parsed) from "jar:file:/C:/Users/Owner/.m2/repository/com/aventstack/extentreports/4.0.9/extentreports-4.0.9.jar!/com/aventstack/extentreports/view/v3html/dashboard-view/v3-html-dashboard-view.ftl"
2022-09-22 17:50:32 DEBUG cache:45 - Couldn't find template in cache for "v3html/logs-view/v3-html-testrunner-logs-view.ftl"("en", UTF-8, parsed); will try to load it.
2022-09-22 17:50:32 DEBUG cache:45 - TemplateLoader.findTemplateSource("v3html/logs-view/v3-html-testrunner-logs-view_en.ftl"): Not found
2022-09-22 17:50:32 DEBUG cache:45 - TemplateLoader.findTemplateSource("v3html/logs-view/v3-html-testrunner-logs-view.ftl"): Found
2022-09-22 17:50:32 DEBUG cache:45 - Loading template for "v3html/logs-view/v3-html-testrunner-logs-view.ftl"("en", UTF-8, parsed) from "jar:file:/C:/Users/Owner/.m2/repository/com/aventstack/extentreports/4.0.9/extentreports-4.0.9.jar!/com/aventstack/extentreports/view/v3html/logs-view/v3-html-testrunner-logs-view.ftl"
2022-09-22 18:00:16 INFO  Log:11 - =====================================endToEndTest TEST START=========================================
2022-09-22 18:01:35 INFO  Log:15 - =====================================endToEndTest TEST END=========================================
2022-09-22 18:01:49 INFO  Log:11 - =====================================verifyCreateAccountPageTest TEST START=========================================
2022-09-22 18:01:57 INFO  Log:15 - =====================================verifyCreateAccountPageTest TEST END=========================================
2022-09-22 18:02:15 INFO  Log:11 - =====================================verifyLogo TEST START=========================================
2022-09-22 18:02:33 INFO  Log:15 - =====================================verifyLogo TEST END=========================================
2022-09-22 18:02:58 INFO  Log:11 - =====================================verifyTitle TEST START=========================================
2022-09-22 18:03:04 INFO  Log:11 - =====================================productAvailabilityTest TEST START=========================================
2022-09-22 18:05:09 INFO  Log:11 - =====================================orderHistoryandDetailsTest TEST START=========================================
2022-09-22 18:05:46 INFO  Log:11 - =====================================wishListTest TEST START=========================================
2022-09-22 18:06:10 INFO  Log:15 - =====================================wishListTest TEST END=========================================
2022-09-22 18:06:28 INFO  Log:11 - =====================================Login TEST START=========================================
2022-09-22 18:06:28 INFO  Log:22 - User is going to click on SignIn Option
2022-09-22 18:06:35 INFO  Log:22 - Enter username and password
2022-09-22 18:06:48 INFO  Log:22 - Verify that if user is able to login
2022-09-22 18:06:48 INFO  Log:22 - login is success
2022-09-22 18:06:48 INFO  Log:15 - =====================================Login TEST END=========================================
2022-09-22 18:07:25 INFO  Log:11 - =====================================verifyTotalPrice TEST START=========================================
2022-09-22 18:08:04 INFO  Log:15 - =====================================verifyTotalPrice TEST END=========================================
2022-09-22 18:08:20 INFO  Log:11 - =====================================addToCartTest TEST START=========================================
2022-09-22 18:08:34 INFO  Log:15 - =====================================addToCartTest TEST END=========================================
2022-09-22 18:08:34 DEBUG cache:45 - Couldn't find template in cache for "v3html/v3-html-index.ftl"("en", UTF-8, parsed); will try to load it.
2022-09-22 18:08:34 DEBUG cache:45 - TemplateLoader.findTemplateSource("v3html/v3-html-index_en.ftl"): Not found
2022-09-22 18:08:34 DEBUG cache:45 - TemplateLoader.findTemplateSource("v3html/v3-html-index.ftl"): Found
2022-09-22 18:08:34 DEBUG cache:45 - Loading template for "v3html/v3-html-index.ftl"("en", UTF-8, parsed) from "jar:file:/C:/Users/Owner/.m2/repository/com/aventstack/extentreports/4.0.9/extentreports-4.0.9.jar!/com/aventstack/extentreports/view/v3html/v3-html-index.ftl"
2022-09-22 18:08:35 DEBUG cache:45 - Couldn't find template in cache for "v3html/v3-html-head.ftl"("en", UTF-8, parsed); will try to load it.
2022-09-22 18:08:35 DEBUG cache:45 - TemplateLoader.findTemplateSource("v3html/v3-html-head_en.ftl"): Not found
2022-09-22 18:08:35 DEBUG cache:45 - TemplateLoader.findTemplateSource("v3html/v3-html-head.ftl"): Found
2022-09-22 18:08:35 DEBUG cache:45 - Loading template for "v3html/v3-html-head.ftl"("en", UTF-8, parsed) from "jar:file:/C:/Users/Owner/.m2/repository/com/aventstack/extentreports/4.0.9/extentreports-4.0.9.jar!/com/aventstack/extentreports/view/v3html/v3-html-head.ftl"
2022-09-22 18:08:35 DEBUG cache:45 - Couldn't find template in cache for "v3html/v3-html-nav.ftl"("en", UTF-8, parsed); will try to load it.
2022-09-22 18:08:35 DEBUG cache:45 - TemplateLoader.findTemplateSource("v3html/v3-html-nav_en.ftl"): Not found
2022-09-22 18:08:35 DEBUG cache:45 - TemplateLoader.findTemplateSource("v3html/v3-html-nav.ftl"): Found
2022-09-22 18:08:35 DEBUG cache:45 - Loading template for "v3html/v3-html-nav.ftl"("en", UTF-8, parsed) from "jar:file:/C:/Users/Owner/.m2/repository/com/aventstack/extentreports/4.0.9/extentreports-4.0.9.jar!/com/aventstack/extentreports/view/v3html/v3-html-nav.ftl"
2022-09-22 18:08:35 DEBUG cache:45 - Couldn't find template in cache for "v3html/test-view/v3-html-test-view.ftl"("en", UTF-8, parsed); will try to load it.
2022-09-22 18:08:35 DEBUG cache:45 - TemplateLoader.findTemplateSource("v3html/test-view/v3-html-test-view_en.ftl"): Not found
2022-09-22 18:08:35 DEBUG cache:45 - TemplateLoader.findTemplateSource("v3html/test-view/v3-html-test-view.ftl"): Found
2022-09-22 18:08:35 DEBUG cache:45 - Loading template for "v3html/test-view/v3-html-test-view.ftl"("en", UTF-8, parsed) from "jar:file:/C:/Users/Owner/.m2/repository/com/aventstack/extentreports/4.0.9/extentreports-4.0.9.jar!/com/aventstack/extentreports/view/v3html/test-view/v3-html-test-view.ftl"
2022-09-22 18:08:35 DEBUG cache:45 - Couldn't find template in cache for "v3html/test-view/v3-html-test-view-charts.ftl"("en", UTF-8, parsed); will try to load it.
2022-09-22 18:08:35 DEBUG cache:45 - TemplateLoader.findTemplateSource("v3html/test-view/v3-html-test-view-charts_en.ftl"): Not found
2022-09-22 18:08:35 DEBUG cache:45 - TemplateLoader.findTemplateSource("v3html/test-view/v3-html-test-view-charts.ftl"): Found
2022-09-22 18:08:35 DEBUG cache:45 - Loading template for "v3html/test-view/v3-html-test-view-charts.ftl"("en", UTF-8, parsed) from "jar:file:/C:/Users/Owner/.m2/repository/com/aventstack/extentreports/4.0.9/extentreports-4.0.9.jar!/com/aventstack/extentreports/view/v3html/test-view/v3-html-test-view-charts.ftl"
2022-09-22 18:08:35 DEBUG cache:45 - Couldn't find template in cache for "v3html/test-view/v3-html-standard.ftl"("en", UTF-8, parsed); will try to load it.
2022-09-22 18:08:35 DEBUG cache:45 - TemplateLoader.findTemplateSource("v3html/test-view/v3-html-standard_en.ftl"): Not found
2022-09-22 18:08:35 DEBUG cache:45 - TemplateLoader.findTemplateSource("v3html/test-view/v3-html-standard.ftl"): Found
2022-09-22 18:08:35 DEBUG cache:45 - Loading template for "v3html/test-view/v3-html-standard.ftl"("en", UTF-8, parsed) from "jar:file:/C:/Users/Owner/.m2/repository/com/aventstack/extentreports/4.0.9/extentreports-4.0.9.jar!/com/aventstack/extentreports/view/v3html/test-view/v3-html-standard.ftl"
2022-09-22 18:08:35 DEBUG cache:45 - "v3html/test-view/v3-html-standard.ftl"("en", UTF-8, parsed) cached copy not yet stale; using cached.
2022-09-22 18:08:35 DEBUG cache:45 - "v3html/test-view/v3-html-standard.ftl"("en", UTF-8, parsed) cached copy not yet stale; using cached.
2022-09-22 18:08:35 DEBUG cache:45 - "v3html/test-view/v3-html-standard.ftl"("en", UTF-8, parsed) cached copy not yet stale; using cached.
2022-09-22 18:08:35 DEBUG cache:45 - "v3html/test-view/v3-html-standard.ftl"("en", UTF-8, parsed) cached copy not yet stale; using cached.
2022-09-22 18:08:35 DEBUG cache:45 - "v3html/test-view/v3-html-standard.ftl"("en", UTF-8, parsed) cached copy not yet stale; using cached.
2022-09-22 18:08:35 DEBUG cache:45 - "v3html/test-view/v3-html-standard.ftl"("en", UTF-8, parsed) cached copy not yet stale; using cached.
2022-09-22 18:08:35 DEBUG cache:45 - "v3html/test-view/v3-html-standard.ftl"("en", UTF-8, parsed) cached copy not yet stale; using cached.
2022-09-22 18:08:35 DEBUG cache:45 - "v3html/test-view/v3-html-standard.ftl"("en", UTF-8, parsed) cached copy not yet stale; using cached.
2022-09-22 18:08:35 DEBUG cache:45 - "v3html/test-view/v3-html-standard.ftl"("en", UTF-8, parsed) cached copy not yet stale; using cached.
2022-09-22 18:08:35 DEBUG cache:45 - Couldn't find template in cache for "v3html/category-view/v3-html-category-view.ftl"("en", UTF-8, parsed); will try to load it.
2022-09-22 18:08:35 DEBUG cache:45 - TemplateLoader.findTemplateSource("v3html/category-view/v3-html-category-view_en.ftl"): Not found
2022-09-22 18:08:35 DEBUG cache:45 - TemplateLoader.findTemplateSource("v3html/category-view/v3-html-category-view.ftl"): Found
2022-09-22 18:08:35 DEBUG cache:45 - Loading template for "v3html/category-view/v3-html-category-view.ftl"("en", UTF-8, parsed) from "jar:file:/C:/Users/Owner/.m2/repository/com/aventstack/extentreports/4.0.9/extentreports-4.0.9.jar!/com/aventstack/extentreports/view/v3html/category-view/v3-html-category-view.ftl"
2022-09-22 18:08:35 DEBUG cache:45 - Couldn't find template in cache for "v3html/exception-view/v3-html-exception-view.ftl"("en", UTF-8, parsed); will try to load it.
2022-09-22 18:08:35 DEBUG cache:45 - TemplateLoader.findTemplateSource("v3html/exception-view/v3-html-exception-view_en.ftl"): Not found
2022-09-22 18:08:35 DEBUG cache:45 - TemplateLoader.findTemplateSource("v3html/exception-view/v3-html-exception-view.ftl"): Found
2022-09-22 18:08:35 DEBUG cache:45 - Loading template for "v3html/exception-view/v3-html-exception-view.ftl"("en", UTF-8, parsed) from "jar:file:/C:/Users/Owner/.m2/repository/com/aventstack/extentreports/4.0.9/extentreports-4.0.9.jar!/com/aventstack/extentreports/view/v3html/exception-view/v3-html-exception-view.ftl"
2022-09-22 18:08:35 DEBUG cache:45 - Couldn't find template in cache for "v3html/author-view/v3-html-author-view.ftl"("en", UTF-8, parsed); will try to load it.
2022-09-22 18:08:35 DEBUG cache:45 - TemplateLoader.findTemplateSource("v3html/author-view/v3-html-author-view_en.ftl"): Not found
2022-09-22 18:08:35 DEBUG cache:45 - TemplateLoader.findTemplateSource("v3html/author-view/v3-html-author-view.ftl"): Found
2022-09-22 18:08:35 DEBUG cache:45 - Loading template for "v3html/author-view/v3-html-author-view.ftl"("en", UTF-8, parsed) from "jar:file:/C:/Users/Owner/.m2/repository/com/aventstack/extentreports/4.0.9/extentreports-4.0.9.jar!/com/aventstack/extentreports/view/v3html/author-view/v3-html-author-view.ftl"
2022-09-22 18:08:35 DEBUG cache:45 - Couldn't find template in cache for "v3html/dashboard-view/v3-html-dashboard-view.ftl"("en", UTF-8, parsed); will try to load it.
2022-09-22 18:08:35 DEBUG cache:45 - TemplateLoader.findTemplateSource("v3html/dashboard-view/v3-html-dashboard-view_en.ftl"): Not found
2022-09-22 18:08:35 DEBUG cache:45 - TemplateLoader.findTemplateSource("v3html/dashboard-view/v3-html-dashboard-view.ftl"): Found
2022-09-22 18:08:35 DEBUG cache:45 - Loading template for "v3html/dashboard-view/v3-html-dashboard-view.ftl"("en", UTF-8, parsed) from "jar:file:/C:/Users/Owner/.m2/repository/com/aventstack/extentreports/4.0.9/extentreports-4.0.9.jar!/com/aventstack/extentreports/view/v3html/dashboard-view/v3-html-dashboard-view.ftl"
2022-09-22 18:08:35 DEBUG cache:45 - Couldn't find template in cache for "v3html/logs-view/v3-html-testrunner-logs-view.ftl"("en", UTF-8, parsed); will try to load it.
2022-09-22 18:08:35 DEBUG cache:45 - TemplateLoader.findTemplateSource("v3html/logs-view/v3-html-testrunner-logs-view_en.ftl"): Not found
2022-09-22 18:08:35 DEBUG cache:45 - TemplateLoader.findTemplateSource("v3html/logs-view/v3-html-testrunner-logs-view.ftl"): Found
2022-09-22 18:08:35 DEBUG cache:45 - Loading template for "v3html/logs-view/v3-html-testrunner-logs-view.ftl"("en", UTF-8, parsed) from "jar:file:/C:/Users/Owner/.m2/repository/com/aventstack/extentreports/4.0.9/extentreports-4.0.9.jar!/com/aventstack/extentreports/view/v3html/logs-view/v3-html-testrunner-logs-view.ftl"
